<?xml version="1.0" encoding="UTF-8"?>
<!-- Generated by org.testng.reporters.JUnitReportReporter -->
<testsuite skipped="0" hostname="MacBook-Air.local" name="LoveAndCo.ValidateTitle" tests="1" failures="0" timestamp="18 Jul 2018 09:27:51 GMT" time="0.106" errors="0">
  <testcase name="HomePageTitleValidation" time="0.106" classname="LoveAndCo.ValidateTitle"/>
</testsuite> <!-- LoveAndCo.ValidateTitle -->
