<?xml version="1.0" encoding="UTF-8"?>
<!-- Generated by org.testng.reporters.JUnitReportReporter -->
<testsuite skipped="0" hostname="MacBook-Air.local" name="LoveAndCo.HomePage" tests="2" failures="0" timestamp="18 Jul 2018 09:27:46 GMT" time="21.723" errors="0">
  <testcase name="BasePageNavigation" time="4.491" classname="LoveAndCo.HomePage"/>
  <testcase name="BasePageNavigation" time="17.232" classname="LoveAndCo.HomePage"/>
</testsuite> <!-- LoveAndCo.HomePage -->
