<?xml version="1.0" encoding="UTF-8"?>
<!-- Generated by org.testng.reporters.JUnitReportReporter -->
<testsuite skipped="0" hostname="MacBook-Air.local" name="LoveAndCo.HomePage" tests="2" failures="0" timestamp="27 Jul 2018 08:49:01 GMT" time="19.989" errors="0">
  <testcase name="BasePageNavigation" time="4.447" classname="LoveAndCo.HomePage"/>
  <testcase name="BasePageNavigation" time="15.542" classname="LoveAndCo.HomePage"/>
</testsuite> <!-- LoveAndCo.HomePage -->
