<?xml version="1.0" encoding="UTF-8"?>
<!-- Generated by org.testng.reporters.JUnitReportReporter -->
<testsuite skipped="0" hostname="MacBook-Air.local" name="LoveAndCo.ValidateTitle" tests="1" failures="0" timestamp="27 Jul 2018 08:48:56 GMT" time="0.100" errors="0">
  <testcase name="HomePageTitleValidation" time="0.100" classname="LoveAndCo.ValidateTitle"/>
</testsuite> <!-- LoveAndCo.ValidateTitle -->
