<?xml version="1.0" encoding="UTF-8"?>
<!-- Generated by org.testng.reporters.JUnitReportReporter -->
<testsuite skipped="0" hostname="MacBook-Air.local" name="LoveAndCo.HomePage" tests="2" failures="0" timestamp="18 Jul 2018 06:41:55 GMT" time="19.175" errors="0">
  <testcase name="BasePageNavigation" time="15.054" classname="LoveAndCo.HomePage"/>
  <testcase name="BasePageNavigation" time="4.121" classname="LoveAndCo.HomePage"/>
</testsuite> <!-- LoveAndCo.HomePage -->
