<?xml version="1.0" encoding="UTF-8"?>
<!-- Generated by org.testng.reporters.JUnitReportReporter -->
<testsuite skipped="0" hostname="MacBook-Air.local" name="LoveAndCo.HomePage" tests="2" failures="0" timestamp="27 Jul 2018 07:19:21 GMT" time="21.643" errors="0">
  <testcase name="BasePageNavigation" time="4.771" classname="LoveAndCo.HomePage"/>
  <testcase name="BasePageNavigation" time="16.872" classname="LoveAndCo.HomePage"/>
</testsuite> <!-- LoveAndCo.HomePage -->
